2001.01.31 00:53 B c:\you\Dynetica.bak\dynetica\gui\AlgorithmEditor$1.class <-- you@life /vusr/project/you/proj/Dynetica.bak/dynetica/gui AlgorithmEditor$1.class
2001.01.31 00:53 B c:\you\Dynetica.bak\dynetica\gui\AlgorithmEditor$2.class <-- you@life /vusr/project/you/proj/Dynetica.bak/dynetica/gui AlgorithmEditor$2.class
2001.01.31 00:53 B c:\you\Dynetica.bak\dynetica\gui\AlgorithmEditor.class <-- you@life /vusr/project/you/proj/Dynetica.bak/dynetica/gui AlgorithmEditor.class
2001.01.31 00:53 B c:\you\Dynetica.bak\dynetica\gui\AlgorithmEditor.java <-- you@life /vusr/project/you/proj/Dynetica.bak/dynetica/gui AlgorithmEditor.java
2001.01.31 00:53 B c:\you\Dynetica.bak\dynetica\gui\ApplicationFrame$1.class <-- you@life /vusr/project/you/proj/Dynetica.bak/dynetica/gui ApplicationFrame$1.class
2001.01.31 00:53 B c:\you\Dynetica.bak\dynetica\gui\ApplicationFrame.class <-- you@life /vusr/project/you/proj/Dynetica.bak/dynetica/gui ApplicationFrame.class
2001.01.31 00:53 B c:\you\Dynetica.bak\dynetica\gui\ApplicationFrame.java <-- you@life /vusr/project/you/proj/Dynetica.bak/dynetica/gui ApplicationFrame.java
2001.01.31 00:53 B c:\you\Dynetica.bak\dynetica\gui\DataModel.class <-- you@life /vusr/project/you/proj/Dynetica.bak/dynetica/gui DataModel.class
2001.01.31 00:53 B c:\you\Dynetica.bak\dynetica\gui\DataModel.java <-- you@life /vusr/project/you/proj/Dynetica.bak/dynetica/gui DataModel.java
2001.01.31 00:53 B c:\you\Dynetica.bak\dynetica\gui\EntityPropertyEditor.java <-- you@life /vusr/project/you/proj/Dynetica.bak/dynetica/gui EntityPropertyEditor.java
2001.01.31 00:53 B c:\you\Dynetica.bak\dynetica\gui\Figure$Tester.class <-- you@life /vusr/project/you/proj/Dynetica.bak/dynetica/gui Figure$Tester.class
2001.01.31 00:53 B c:\you\Dynetica.bak\dynetica\gui\Figure.class <-- you@life /vusr/project/you/proj/Dynetica.bak/dynetica/gui Figure.class
2001.01.31 00:53 B c:\you\Dynetica.bak\dynetica\gui\Figure.java <-- you@life /vusr/project/you/proj/Dynetica.bak/dynetica/gui Figure.java
2001.01.31 00:53 B c:\you\Dynetica.bak\dynetica\gui\FigureFrame$1.class <-- you@life /vusr/project/you/proj/Dynetica.bak/dynetica/gui FigureFrame$1.class
2001.01.31 00:53 B c:\you\Dynetica.bak\dynetica\gui\FigureFrame$2.class <-- you@life /vusr/project/you/proj/Dynetica.bak/dynetica/gui FigureFrame$2.class
2001.01.31 00:53 B c:\you\Dynetica.bak\dynetica\gui\FigureFrame$3.class <-- you@life /vusr/project/you/proj/Dynetica.bak/dynetica/gui FigureFrame$3.class
2001.01.31 00:53 B c:\you\Dynetica.bak\dynetica\gui\FigureFrame$4.class <-- you@life /vusr/project/you/proj/Dynetica.bak/dynetica/gui FigureFrame$4.class
2001.01.31 00:53 B c:\you\Dynetica.bak\dynetica\gui\FigureFrame$Tester.class <-- you@life /vusr/project/you/proj/Dynetica.bak/dynetica/gui FigureFrame$Tester.class
2001.01.31 00:53 B c:\you\Dynetica.bak\dynetica\gui\FigureFrame.class <-- you@life /vusr/project/you/proj/Dynetica.bak/dynetica/gui FigureFrame.class
2001.01.31 00:53 B c:\you\Dynetica.bak\dynetica\gui\FigureFrame.java <-- you@life /vusr/project/you/proj/Dynetica.bak/dynetica/gui FigureFrame.java
2001.01.31 00:53 B c:\you\Dynetica.bak\dynetica\gui\filesystem.attributes <-- you@life /vusr/project/you/proj/Dynetica.bak/dynetica/gui filesystem.attributes
2001.01.31 00:53 B c:\you\Dynetica.bak\dynetica\gui\MenuFrame$1.class <-- you@life /vusr/project/you/proj/Dynetica.bak/dynetica/gui MenuFrame$1.class
2001.01.31 00:53 B c:\you\Dynetica.bak\dynetica\gui\MenuFrame$2.class <-- you@life /vusr/project/you/proj/Dynetica.bak/dynetica/gui MenuFrame$2.class
2001.01.31 00:53 B c:\you\Dynetica.bak\dynetica\gui\MenuFrame$3.class <-- you@life /vusr/project/you/proj/Dynetica.bak/dynetica/gui MenuFrame$3.class
2001.01.31 00:53 B c:\you\Dynetica.bak\dynetica\gui\MenuFrame$4.class <-- you@life /vusr/project/you/proj/Dynetica.bak/dynetica/gui MenuFrame$4.class
2001.01.31 00:53 B c:\you\Dynetica.bak\dynetica\gui\MenuFrame.class <-- you@life /vusr/project/you/proj/Dynetica.bak/dynetica/gui MenuFrame.class
2001.01.31 00:53 B c:\you\Dynetica.bak\dynetica\gui\MenuFrame.java <-- you@life /vusr/project/you/proj/Dynetica.bak/dynetica/gui MenuFrame.java
2001.01.31 00:53 B c:\you\Dynetica.bak\dynetica\gui\OkCancel.form <-- you@life /vusr/project/you/proj/Dynetica.bak/dynetica/gui OkCancel.form
2001.01.31 00:53 B c:\you\Dynetica.bak\dynetica\gui\OkCancel.java <-- you@life /vusr/project/you/proj/Dynetica.bak/dynetica/gui OkCancel.java
2001.01.31 00:53 B c:\you\Dynetica.bak\dynetica\gui\RungeKutta4Editor$Tester.class <-- you@life /vusr/project/you/proj/Dynetica.bak/dynetica/gui RungeKutta4Editor$Tester.class
2001.01.31 00:53 B c:\you\Dynetica.bak\dynetica\gui\RungeKutta4Editor.class <-- you@life /vusr/project/you/proj/Dynetica.bak/dynetica/gui RungeKutta4Editor.class
2001.01.31 00:53 B c:\you\Dynetica.bak\dynetica\gui\RungeKutta4Editor.java <-- you@life /vusr/project/you/proj/Dynetica.bak/dynetica/gui RungeKutta4Editor.java
2001.01.31 00:53 B c:\you\Dynetica.bak\dynetica\gui\StochasticEditor.class <-- you@life /vusr/project/you/proj/Dynetica.bak/dynetica/gui StochasticEditor.class
2001.01.31 00:53 B c:\you\Dynetica.bak\dynetica\gui\StochasticEditor.java <-- you@life /vusr/project/you/proj/Dynetica.bak/dynetica/gui StochasticEditor.java
2001.01.31 00:53 B c:\you\Dynetica.bak\dynetica\gui\SystemEditor.form <-- you@life /vusr/project/you/proj/Dynetica.bak/dynetica/gui SystemEditor.form
2001.01.31 00:53 B c:\you\Dynetica.bak\dynetica\gui\SystemEditor.java <-- you@life /vusr/project/you/proj/Dynetica.bak/dynetica/gui SystemEditor.java
2001.01.31 00:53 B c:\you\Dynetica.bak\dynetica\gui\SystemExplorer.form <-- you@life /vusr/project/you/proj/Dynetica.bak/dynetica/gui SystemExplorer.form
2001.01.31 00:53 B c:\you\Dynetica.bak\dynetica\gui\SystemExplorer.java <-- you@life /vusr/project/you/proj/Dynetica.bak/dynetica/gui SystemExplorer.java
